<?xml version="1.0" encoding="UTF-8"?>
<testng-results skipped="0" failed="0" ignored="2" total="3" passed="1">
  <reporter-output>
  </reporter-output>
  <suite name="Default suite" duration-ms="21264" started-at="2020-03-15T18:21:24Z" finished-at="2020-03-15T18:21:45Z">
    <groups>
    </groups>
    <test name="Default test" duration-ms="21264" started-at="2020-03-15T18:21:24Z" finished-at="2020-03-15T18:21:45Z">
      <class name="com.epam.testpages.SearchRelatedTesting">
        <test-method status="PASS" signature="setUp()[pri:0, instance:com.epam.testpages.SearchRelatedTesting@41a2befb]" name="setUp" is-config="true" duration-ms="8209" started-at="2020-03-15T18:21:24Z" finished-at="2020-03-15T18:21:32Z">
          <reporter-output>
          </reporter-output>
        </test-method> <!-- setUp -->
        <test-method status="PASS" signature="beforeMethod()[pri:0, instance:com.epam.testpages.SearchRelatedTesting@41a2befb]" name="beforeMethod" is-config="true" duration-ms="7321" started-at="2020-03-15T18:21:32Z" finished-at="2020-03-15T18:21:40Z">
          <reporter-output>
          </reporter-output>
        </test-method> <!-- beforeMethod -->
        <test-method status="PASS" signature="airportTaxis()[pri:0, instance:com.epam.testpages.SearchRelatedTesting@41a2befb]" name="airportTaxis" duration-ms="5450" started-at="2020-03-15T18:21:40Z" finished-at="2020-03-15T18:21:45Z">
          <reporter-output>
          </reporter-output>
        </test-method> <!-- airportTaxis -->
      </class> <!-- com.epam.testpages.SearchRelatedTesting -->
    </test> <!-- Default test -->
  </suite> <!-- Default suite -->
</testng-results>
