<?xml version="1.0" encoding="UTF-8"?>
<testng-results skipped="0" failed="0" ignored="0" total="1" passed="1">
  <reporter-output>
  </reporter-output>
  <suite name="Suite" duration-ms="17319" started-at="2020-03-10T12:57:58Z" finished-at="2020-03-10T12:58:16Z">
    <groups>
    </groups>
    <test name="Test" duration-ms="17319" started-at="2020-03-10T12:57:58Z" finished-at="2020-03-10T12:58:16Z">
      <class name="com.epam.testpages.StaysTestPage">
        <test-method status="PASS" signature="setUp()[pri:0, instance:com.epam.testpages.StaysTestPage@77f99a05]" name="setUp" is-config="true" duration-ms="5858" started-at="2020-03-10T12:57:58Z" finished-at="2020-03-10T12:58:04Z">
          <reporter-output>
          </reporter-output>
        </test-method> <!-- setUp -->
        <test-method status="PASS" signature="beforeMethod()[pri:0, instance:com.epam.testpages.StaysTestPage@77f99a05]" name="beforeMethod" is-config="true" duration-ms="2" started-at="2020-03-10T12:58:04Z" finished-at="2020-03-10T12:58:04Z">
          <reporter-output>
          </reporter-output>
        </test-method> <!-- beforeMethod -->
        <test-method status="PASS" signature="staysTest()[pri:0, instance:com.epam.testpages.StaysTestPage@77f99a05]" name="staysTest" duration-ms="11444" started-at="2020-03-10T12:58:04Z" finished-at="2020-03-10T12:58:16Z">
          <reporter-output>
          </reporter-output>
        </test-method> <!-- staysTest -->
      </class> <!-- com.epam.testpages.StaysTestPage -->
    </test> <!-- Test -->
  </suite> <!-- Suite -->
</testng-results>
