<?xml version="1.0" encoding="UTF-8"?>
<testng-results skipped="0" failed="0" ignored="0" total="3" passed="3">
  <reporter-output>
  </reporter-output>
  <suite name="Default suite" duration-ms="65" started-at="2020-02-22T18:04:05 IST" finished-at="2020-02-22T18:04:05 IST">
    <groups>
    </groups>
    <test name="Default test" duration-ms="65" started-at="2020-02-22T18:04:05 IST" finished-at="2020-02-22T18:04:05 IST">
      <class name="com.epam.TestNgExamples.FactoryDemo">
        <test-method status="PASS" signature="test()[pri:0, instance:com.epam.TestNgExamples.FactoryDemo@2286778, instance params:[]]" name="test" duration-ms="11" started-at="2020-02-22T18:04:05 IST" finished-at="2020-02-22T18:04:05 IST">
          <reporter-output>
          </reporter-output>
        </test-method> <!-- test -->
        <test-method status="PASS" signature="test()[pri:0, instance:com.epam.TestNgExamples.FactoryDemo@5abca1e0, instance params:[]]" name="test" duration-ms="2" started-at="2020-02-22T18:04:05 IST" finished-at="2020-02-22T18:04:05 IST">
          <reporter-output>
          </reporter-output>
        </test-method> <!-- test -->
      </class> <!-- com.epam.TestNgExamples.FactoryDemo -->
      <class name="com.epam.TestNgExamples.Demo">
        <test-method status="PASS" signature="test()[pri:0, instance:com.epam.TestNgExamples.Demo@5a8e6209]" name="test" duration-ms="3" started-at="2020-02-22T18:04:05 IST" finished-at="2020-02-22T18:04:05 IST">
          <reporter-output>
          </reporter-output>
        </test-method> <!-- test -->
      </class> <!-- com.epam.TestNgExamples.Demo -->
    </test> <!-- Default test -->
  </suite> <!-- Default suite -->
</testng-results>
