<?xml version="1.0" encoding="UTF-8"?>
<!-- Generated by org.testng.reporters.JUnitXMLReporter -->
<testsuite hostname="DESKTOP-COV7GM3" ignored="0" name="Default test" tests="3" failures="0" timestamp="2020-02-22T18:04:05 IST" time="0.065" errors="0">
  <testcase name="test" time="0.011" classname="com.epam.TestNgExamples.FactoryDemo"/>
  <testcase name="test" time="0.002" classname="com.epam.TestNgExamples.FactoryDemo"/>
  <testcase name="test" time="0.003" classname="com.epam.TestNgExamples.Demo"/>
</testsuite> <!-- Default test -->
