<?xml version="1.0" encoding="UTF-8"?>
<!-- Generated by org.testng.reporters.JUnitXMLReporter -->
<testsuite hostname="DESKTOP-COV7GM3" ignored="0" name="Default test" tests="2" failures="0" timestamp="2020-02-23T22:33:27 IST" time="0.073" errors="0">
  <testcase name="additionTest" time="0.008" classname="com.epam.CalculatorTesting.ArithmeticOperations"/>
  <testcase name="additionTest" time="0.002" classname="com.epam.CalculatorTesting.ArithmeticOperations"/>
</testsuite> <!-- Default test -->
