<?xml version="1.0" encoding="UTF-8"?>
<!-- Generated by org.testng.reporters.JUnitXMLReporter -->
<testsuite hostname="DESKTOP-COV7GM3" ignored="2" name="Default test" tests="1" failures="0" timestamp="15 Mar 2020 18:21:46 GMT" time="21.264" errors="0">
  <testcase name="airportTaxis" time="5.45" classname="com.epam.testpages.SearchRelatedTesting"/>
  <testcase name="carRentals" time="0.0" classname="com.epam.testpages.SearchRelatedTesting">
    <ignored/>
  </testcase> <!-- carRentals -->
  <testcase name="staysPageTest" time="0.0" classname="com.epam.testpages.SearchRelatedTesting">
    <ignored/>
  </testcase> <!-- staysPageTest -->
</testsuite> <!-- Default test -->
