<?xml version="1.0" encoding="UTF-8"?>
<!-- Generated by org.testng.reporters.JUnitXMLReporter -->
<testsuite hostname="EPINHYDW00D2" ignored="0" name="Default test" tests="3" failures="0" timestamp="16 Mar 2020 12:36:07 GMT" time="0.547" errors="0">
  <testcase name="staysPageTest" time="0.008" classname="com.epam.testpages.SearchRelatedTesting"/>
  <testcase name="staysPageTest" time="0.001" classname="com.epam.testpages.SearchRelatedTesting"/>
  <testcase name="staysPageTest" time="0.001" classname="com.epam.testpages.SearchRelatedTesting"/>
</testsuite> <!-- Default test -->
