<?xml version="1.0" encoding="UTF-8"?>
<testng-results skipped="0" failed="0" ignored="0" total="2" passed="2">
  <reporter-output>
  </reporter-output>
  <suite name="Default suite" duration-ms="73" started-at="2020-02-23T22:33:27 IST" finished-at="2020-02-23T22:33:27 IST">
    <groups>
      <group name="arithmetic">
        <method signature="ArithmeticOperations.additionTest(java.lang.Number, java.lang.Number, java.lang.Number)[pri:0, instance:com.epam.CalculatorTesting.ArithmeticOperations@61f8bee4]" name="additionTest" class="com.epam.CalculatorTesting.ArithmeticOperations"/>
      </group> <!-- arithmetic -->
    </groups>
    <test name="Default test" duration-ms="73" started-at="2020-02-23T22:33:27 IST" finished-at="2020-02-23T22:33:27 IST">
      <class name="com.epam.CalculatorTesting.ArithmeticOperations">
        <test-method status="PASS" signature="setUp()[pri:0, instance:com.epam.CalculatorTesting.ArithmeticOperations@61f8bee4]" name="setUp" is-config="true" duration-ms="11" started-at="2020-02-23T22:33:27 IST" finished-at="2020-02-23T22:33:27 IST">
          <reporter-output>
          </reporter-output>
        </test-method> <!-- setUp -->
        <test-method status="PASS" signature="additionTest(java.lang.Number, java.lang.Number, java.lang.Number)[pri:0, instance:com.epam.CalculatorTesting.ArithmeticOperations@61f8bee4]" name="additionTest" duration-ms="8" started-at="2020-02-23T22:33:27 IST" data-provider="sumValues" finished-at="2020-02-23T22:33:27 IST">
          <params>
            <param index="0">
              <value>
                <![CDATA[1]]>
              </value>
            </param>
            <param index="1">
              <value>
                <![CDATA[2]]>
              </value>
            </param>
            <param index="2">
              <value>
                <![CDATA[3]]>
              </value>
            </param>
          </params>
          <reporter-output>
          </reporter-output>
        </test-method> <!-- additionTest -->
        <test-method status="PASS" signature="additionTest(java.lang.Number, java.lang.Number, java.lang.Number)[pri:0, instance:com.epam.CalculatorTesting.ArithmeticOperations@61f8bee4]" name="additionTest" duration-ms="2" started-at="2020-02-23T22:33:27 IST" data-provider="sumValues" finished-at="2020-02-23T22:33:27 IST">
          <params>
            <param index="0">
              <value>
                <![CDATA[1.2]]>
              </value>
            </param>
            <param index="1">
              <value>
                <![CDATA[2.3]]>
              </value>
            </param>
            <param index="2">
              <value>
                <![CDATA[3.5]]>
              </value>
            </param>
          </params>
          <reporter-output>
          </reporter-output>
        </test-method> <!-- additionTest -->
      </class> <!-- com.epam.CalculatorTesting.ArithmeticOperations -->
    </test> <!-- Default test -->
  </suite> <!-- Default suite -->
</testng-results>
